Terminals unused in grammar

    TOKEN_EQUALS


Grammar

    0 $accept: prog $end

    1 $@1: ε

    2 prog: return_type TOKEN_ID TOKEN_PAREN_L TOKEN_PAREN_R $@1 TOKEN_LLAVE_L body TOKEN_LLAVE_R

    3 return_type: TOKEN_VOID
    4            | type

    5 body: sentencias

    6 sentencias: ε
    7           | sentencia sentencias

    8 sentencia: decl
    9          | asign
   10          | ret

   11 decl: var
   12     | cts

   13 var: type TOKEN_ID TOKEN_PUNTO_Y_COMA
   14    | type TOKEN_ID TOKEN_ASSIGN value TOKEN_PUNTO_Y_COMA

   15 cts: TOKEN_CONST type TOKEN_ID TOKEN_ASSIGN value TOKEN_PUNTO_Y_COMA

   16 type: TOKEN_INT
   17     | TOKEN_BOOL

   18 asign: TOKEN_ID TOKEN_ASSIGN value TOKEN_PUNTO_Y_COMA

   19 ret: TOKEN_RETURN value TOKEN_PUNTO_Y_COMA
   20    | TOKEN_RETURN TOKEN_PUNTO_Y_COMA

   21 value: expr

   22 expr: TOKEN_NUM
   23     | TOKEN_ID
   24     | TOKEN_VAL_BOOL
   25     | expr TOKEN_MAS expr
   26     | expr TOKEN_MENOS expr
   27     | expr TOKEN_DIV expr
   28     | expr TOKEN_MULT expr
   29     | TOKEN_PAREN_L expr TOKEN_PAREN_R
   30     | expr TOKEN_AND expr
   31     | expr TOKEN_OR expr


Terminals, with rules where they appear

    $end (0) 0
    error (256)
    TOKEN_RETURN (258) 19 20
    TOKEN_ASSIGN (259) 14 15 18
    TOKEN_EQUALS (260)
    TOKEN_CONST (261) 15
    TOKEN_PUNTO_Y_COMA (262) 13 14 15 18 19 20
    TOKEN_ID <sval> (263) 2 13 14 15 18 23
    TOKEN_NUM <ival> (264) 22
    TOKEN_VAL_BOOL <ival> (265) 24
    TOKEN_BOOL <vtype> (266) 17
    TOKEN_INT <vtype> (267) 16
    TOKEN_VOID <vtype> (268) 3
    TOKEN_MAS (269) 25
    TOKEN_MENOS (270) 26
    TOKEN_MULT (271) 28
    TOKEN_DIV (272) 27
    TOKEN_OR (273) 31
    TOKEN_AND (274) 30
    TOKEN_PAREN_L (275) 2 29
    TOKEN_PAREN_R (276) 2 29
    TOKEN_LLAVE_L (277) 2
    TOKEN_LLAVE_R (278) 2


Nonterminals, with rules where they appear

    $accept (24)
        on left: 0
    prog (25)
        on left: 2
        on right: 0
    $@1 (26)
        on left: 1
        on right: 2
    return_type <vtype> (27)
        on left: 3 4
        on right: 2
    body <nd> (28)
        on left: 5
        on right: 2
    sentencias <nd> (29)
        on left: 6 7
        on right: 5 7
    sentencia <nd> (30)
        on left: 8 9 10
        on right: 7
    decl <nd> (31)
        on left: 11 12
        on right: 8
    var <nd> (32)
        on left: 13 14
        on right: 11
    cts <nd> (33)
        on left: 15
        on right: 12
    type <vtype> (34)
        on left: 16 17
        on right: 4 13 14 15
    asign <nd> (35)
        on left: 18
        on right: 9
    ret <nd> (36)
        on left: 19 20
        on right: 10
    value <nd> (37)
        on left: 21
        on right: 14 15 18 19
    expr <nd> (38)
        on left: 22 23 24 25 26 27 28 29 30 31
        on right: 21 25 26 27 28 29 30 31


State 0

    0 $accept: • prog $end

    TOKEN_BOOL  shift, and go to state 1
    TOKEN_INT   shift, and go to state 2
    TOKEN_VOID  shift, and go to state 3

    prog         go to state 4
    return_type  go to state 5
    type         go to state 6


State 1

   17 type: TOKEN_BOOL •

    $default  reduce using rule 17 (type)


State 2

   16 type: TOKEN_INT •

    $default  reduce using rule 16 (type)


State 3

    3 return_type: TOKEN_VOID •

    $default  reduce using rule 3 (return_type)


State 4

    0 $accept: prog • $end

    $end  shift, and go to state 7


State 5

    2 prog: return_type • TOKEN_ID TOKEN_PAREN_L TOKEN_PAREN_R $@1 TOKEN_LLAVE_L body TOKEN_LLAVE_R

    TOKEN_ID  shift, and go to state 8


State 6

    4 return_type: type •

    $default  reduce using rule 4 (return_type)


State 7

    0 $accept: prog $end •

    $default  accept


State 8

    2 prog: return_type TOKEN_ID • TOKEN_PAREN_L TOKEN_PAREN_R $@1 TOKEN_LLAVE_L body TOKEN_LLAVE_R

    TOKEN_PAREN_L  shift, and go to state 9


State 9

    2 prog: return_type TOKEN_ID TOKEN_PAREN_L • TOKEN_PAREN_R $@1 TOKEN_LLAVE_L body TOKEN_LLAVE_R

    TOKEN_PAREN_R  shift, and go to state 10


State 10

    2 prog: return_type TOKEN_ID TOKEN_PAREN_L TOKEN_PAREN_R • $@1 TOKEN_LLAVE_L body TOKEN_LLAVE_R

    $default  reduce using rule 1 ($@1)

    $@1  go to state 11


State 11

    2 prog: return_type TOKEN_ID TOKEN_PAREN_L TOKEN_PAREN_R $@1 • TOKEN_LLAVE_L body TOKEN_LLAVE_R

    TOKEN_LLAVE_L  shift, and go to state 12


State 12

    2 prog: return_type TOKEN_ID TOKEN_PAREN_L TOKEN_PAREN_R $@1 TOKEN_LLAVE_L • body TOKEN_LLAVE_R

    TOKEN_RETURN  shift, and go to state 13
    TOKEN_CONST   shift, and go to state 14
    TOKEN_ID      shift, and go to state 15
    TOKEN_BOOL    shift, and go to state 1
    TOKEN_INT     shift, and go to state 2

    $default  reduce using rule 6 (sentencias)

    body        go to state 16
    sentencias  go to state 17
    sentencia   go to state 18
    decl        go to state 19
    var         go to state 20
    cts         go to state 21
    type        go to state 22
    asign       go to state 23
    ret         go to state 24


State 13

   19 ret: TOKEN_RETURN • value TOKEN_PUNTO_Y_COMA
   20    | TOKEN_RETURN • TOKEN_PUNTO_Y_COMA

    TOKEN_PUNTO_Y_COMA  shift, and go to state 25
    TOKEN_ID            shift, and go to state 26
    TOKEN_NUM           shift, and go to state 27
    TOKEN_VAL_BOOL      shift, and go to state 28
    TOKEN_PAREN_L       shift, and go to state 29

    value  go to state 30
    expr   go to state 31


State 14

   15 cts: TOKEN_CONST • type TOKEN_ID TOKEN_ASSIGN value TOKEN_PUNTO_Y_COMA

    TOKEN_BOOL  shift, and go to state 1
    TOKEN_INT   shift, and go to state 2

    type  go to state 32


State 15

   18 asign: TOKEN_ID • TOKEN_ASSIGN value TOKEN_PUNTO_Y_COMA

    TOKEN_ASSIGN  shift, and go to state 33


State 16

    2 prog: return_type TOKEN_ID TOKEN_PAREN_L TOKEN_PAREN_R $@1 TOKEN_LLAVE_L body • TOKEN_LLAVE_R

    TOKEN_LLAVE_R  shift, and go to state 34


State 17

    5 body: sentencias •

    $default  reduce using rule 5 (body)


State 18

    7 sentencias: sentencia • sentencias

    TOKEN_RETURN  shift, and go to state 13
    TOKEN_CONST   shift, and go to state 14
    TOKEN_ID      shift, and go to state 15
    TOKEN_BOOL    shift, and go to state 1
    TOKEN_INT     shift, and go to state 2

    $default  reduce using rule 6 (sentencias)

    sentencias  go to state 35
    sentencia   go to state 18
    decl        go to state 19
    var         go to state 20
    cts         go to state 21
    type        go to state 22
    asign       go to state 23
    ret         go to state 24


State 19

    8 sentencia: decl •

    $default  reduce using rule 8 (sentencia)


State 20

   11 decl: var •

    $default  reduce using rule 11 (decl)


State 21

   12 decl: cts •

    $default  reduce using rule 12 (decl)


State 22

   13 var: type • TOKEN_ID TOKEN_PUNTO_Y_COMA
   14    | type • TOKEN_ID TOKEN_ASSIGN value TOKEN_PUNTO_Y_COMA

    TOKEN_ID  shift, and go to state 36


State 23

    9 sentencia: asign •

    $default  reduce using rule 9 (sentencia)


State 24

   10 sentencia: ret •

    $default  reduce using rule 10 (sentencia)


State 25

   20 ret: TOKEN_RETURN TOKEN_PUNTO_Y_COMA •

    $default  reduce using rule 20 (ret)


State 26

   23 expr: TOKEN_ID •

    $default  reduce using rule 23 (expr)


State 27

   22 expr: TOKEN_NUM •

    $default  reduce using rule 22 (expr)


State 28

   24 expr: TOKEN_VAL_BOOL •

    $default  reduce using rule 24 (expr)


State 29

   29 expr: TOKEN_PAREN_L • expr TOKEN_PAREN_R

    TOKEN_ID        shift, and go to state 26
    TOKEN_NUM       shift, and go to state 27
    TOKEN_VAL_BOOL  shift, and go to state 28
    TOKEN_PAREN_L   shift, and go to state 29

    expr  go to state 37


State 30

   19 ret: TOKEN_RETURN value • TOKEN_PUNTO_Y_COMA

    TOKEN_PUNTO_Y_COMA  shift, and go to state 38


State 31

   21 value: expr •
   25 expr: expr • TOKEN_MAS expr
   26     | expr • TOKEN_MENOS expr
   27     | expr • TOKEN_DIV expr
   28     | expr • TOKEN_MULT expr
   30     | expr • TOKEN_AND expr
   31     | expr • TOKEN_OR expr

    TOKEN_MAS    shift, and go to state 39
    TOKEN_MENOS  shift, and go to state 40
    TOKEN_MULT   shift, and go to state 41
    TOKEN_DIV    shift, and go to state 42
    TOKEN_OR     shift, and go to state 43
    TOKEN_AND    shift, and go to state 44

    $default  reduce using rule 21 (value)


State 32

   15 cts: TOKEN_CONST type • TOKEN_ID TOKEN_ASSIGN value TOKEN_PUNTO_Y_COMA

    TOKEN_ID  shift, and go to state 45


State 33

   18 asign: TOKEN_ID TOKEN_ASSIGN • value TOKEN_PUNTO_Y_COMA

    TOKEN_ID        shift, and go to state 26
    TOKEN_NUM       shift, and go to state 27
    TOKEN_VAL_BOOL  shift, and go to state 28
    TOKEN_PAREN_L   shift, and go to state 29

    value  go to state 46
    expr   go to state 31


State 34

    2 prog: return_type TOKEN_ID TOKEN_PAREN_L TOKEN_PAREN_R $@1 TOKEN_LLAVE_L body TOKEN_LLAVE_R •

    $default  reduce using rule 2 (prog)


State 35

    7 sentencias: sentencia sentencias •

    $default  reduce using rule 7 (sentencias)


State 36

   13 var: type TOKEN_ID • TOKEN_PUNTO_Y_COMA
   14    | type TOKEN_ID • TOKEN_ASSIGN value TOKEN_PUNTO_Y_COMA

    TOKEN_ASSIGN        shift, and go to state 47
    TOKEN_PUNTO_Y_COMA  shift, and go to state 48


State 37

   25 expr: expr • TOKEN_MAS expr
   26     | expr • TOKEN_MENOS expr
   27     | expr • TOKEN_DIV expr
   28     | expr • TOKEN_MULT expr
   29     | TOKEN_PAREN_L expr • TOKEN_PAREN_R
   30     | expr • TOKEN_AND expr
   31     | expr • TOKEN_OR expr

    TOKEN_MAS      shift, and go to state 39
    TOKEN_MENOS    shift, and go to state 40
    TOKEN_MULT     shift, and go to state 41
    TOKEN_DIV      shift, and go to state 42
    TOKEN_OR       shift, and go to state 43
    TOKEN_AND      shift, and go to state 44
    TOKEN_PAREN_R  shift, and go to state 49


State 38

   19 ret: TOKEN_RETURN value TOKEN_PUNTO_Y_COMA •

    $default  reduce using rule 19 (ret)


State 39

   25 expr: expr TOKEN_MAS • expr

    TOKEN_ID        shift, and go to state 26
    TOKEN_NUM       shift, and go to state 27
    TOKEN_VAL_BOOL  shift, and go to state 28
    TOKEN_PAREN_L   shift, and go to state 29

    expr  go to state 50


State 40

   26 expr: expr TOKEN_MENOS • expr

    TOKEN_ID        shift, and go to state 26
    TOKEN_NUM       shift, and go to state 27
    TOKEN_VAL_BOOL  shift, and go to state 28
    TOKEN_PAREN_L   shift, and go to state 29

    expr  go to state 51


State 41

   28 expr: expr TOKEN_MULT • expr

    TOKEN_ID        shift, and go to state 26
    TOKEN_NUM       shift, and go to state 27
    TOKEN_VAL_BOOL  shift, and go to state 28
    TOKEN_PAREN_L   shift, and go to state 29

    expr  go to state 52


State 42

   27 expr: expr TOKEN_DIV • expr

    TOKEN_ID        shift, and go to state 26
    TOKEN_NUM       shift, and go to state 27
    TOKEN_VAL_BOOL  shift, and go to state 28
    TOKEN_PAREN_L   shift, and go to state 29

    expr  go to state 53


State 43

   31 expr: expr TOKEN_OR • expr

    TOKEN_ID        shift, and go to state 26
    TOKEN_NUM       shift, and go to state 27
    TOKEN_VAL_BOOL  shift, and go to state 28
    TOKEN_PAREN_L   shift, and go to state 29

    expr  go to state 54


State 44

   30 expr: expr TOKEN_AND • expr

    TOKEN_ID        shift, and go to state 26
    TOKEN_NUM       shift, and go to state 27
    TOKEN_VAL_BOOL  shift, and go to state 28
    TOKEN_PAREN_L   shift, and go to state 29

    expr  go to state 55


State 45

   15 cts: TOKEN_CONST type TOKEN_ID • TOKEN_ASSIGN value TOKEN_PUNTO_Y_COMA

    TOKEN_ASSIGN  shift, and go to state 56


State 46

   18 asign: TOKEN_ID TOKEN_ASSIGN value • TOKEN_PUNTO_Y_COMA

    TOKEN_PUNTO_Y_COMA  shift, and go to state 57


State 47

   14 var: type TOKEN_ID TOKEN_ASSIGN • value TOKEN_PUNTO_Y_COMA

    TOKEN_ID        shift, and go to state 26
    TOKEN_NUM       shift, and go to state 27
    TOKEN_VAL_BOOL  shift, and go to state 28
    TOKEN_PAREN_L   shift, and go to state 29

    value  go to state 58
    expr   go to state 31


State 48

   13 var: type TOKEN_ID TOKEN_PUNTO_Y_COMA •

    $default  reduce using rule 13 (var)


State 49

   29 expr: TOKEN_PAREN_L expr TOKEN_PAREN_R •

    $default  reduce using rule 29 (expr)


State 50

   25 expr: expr • TOKEN_MAS expr
   25     | expr TOKEN_MAS expr •
   26     | expr • TOKEN_MENOS expr
   27     | expr • TOKEN_DIV expr
   28     | expr • TOKEN_MULT expr
   30     | expr • TOKEN_AND expr
   31     | expr • TOKEN_OR expr

    TOKEN_MULT  shift, and go to state 41
    TOKEN_DIV   shift, and go to state 42
    TOKEN_OR    shift, and go to state 43
    TOKEN_AND   shift, and go to state 44

    $default  reduce using rule 25 (expr)


State 51

   25 expr: expr • TOKEN_MAS expr
   26     | expr • TOKEN_MENOS expr
   26     | expr TOKEN_MENOS expr •
   27     | expr • TOKEN_DIV expr
   28     | expr • TOKEN_MULT expr
   30     | expr • TOKEN_AND expr
   31     | expr • TOKEN_OR expr

    TOKEN_MULT  shift, and go to state 41
    TOKEN_DIV   shift, and go to state 42
    TOKEN_OR    shift, and go to state 43
    TOKEN_AND   shift, and go to state 44

    $default  reduce using rule 26 (expr)


State 52

   25 expr: expr • TOKEN_MAS expr
   26     | expr • TOKEN_MENOS expr
   27     | expr • TOKEN_DIV expr
   28     | expr • TOKEN_MULT expr
   28     | expr TOKEN_MULT expr •
   30     | expr • TOKEN_AND expr
   31     | expr • TOKEN_OR expr

    TOKEN_OR   shift, and go to state 43
    TOKEN_AND  shift, and go to state 44

    $default  reduce using rule 28 (expr)


State 53

   25 expr: expr • TOKEN_MAS expr
   26     | expr • TOKEN_MENOS expr
   27     | expr • TOKEN_DIV expr
   27     | expr TOKEN_DIV expr •
   28     | expr • TOKEN_MULT expr
   30     | expr • TOKEN_AND expr
   31     | expr • TOKEN_OR expr

    TOKEN_OR   shift, and go to state 43
    TOKEN_AND  shift, and go to state 44

    $default  reduce using rule 27 (expr)


State 54

   25 expr: expr • TOKEN_MAS expr
   26     | expr • TOKEN_MENOS expr
   27     | expr • TOKEN_DIV expr
   28     | expr • TOKEN_MULT expr
   30     | expr • TOKEN_AND expr
   31     | expr • TOKEN_OR expr
   31     | expr TOKEN_OR expr •

    $default  reduce using rule 31 (expr)


State 55

   25 expr: expr • TOKEN_MAS expr
   26     | expr • TOKEN_MENOS expr
   27     | expr • TOKEN_DIV expr
   28     | expr • TOKEN_MULT expr
   30     | expr • TOKEN_AND expr
   30     | expr TOKEN_AND expr •
   31     | expr • TOKEN_OR expr

    $default  reduce using rule 30 (expr)


State 56

   15 cts: TOKEN_CONST type TOKEN_ID TOKEN_ASSIGN • value TOKEN_PUNTO_Y_COMA

    TOKEN_ID        shift, and go to state 26
    TOKEN_NUM       shift, and go to state 27
    TOKEN_VAL_BOOL  shift, and go to state 28
    TOKEN_PAREN_L   shift, and go to state 29

    value  go to state 59
    expr   go to state 31


State 57

   18 asign: TOKEN_ID TOKEN_ASSIGN value TOKEN_PUNTO_Y_COMA •

    $default  reduce using rule 18 (asign)


State 58

   14 var: type TOKEN_ID TOKEN_ASSIGN value • TOKEN_PUNTO_Y_COMA

    TOKEN_PUNTO_Y_COMA  shift, and go to state 60


State 59

   15 cts: TOKEN_CONST type TOKEN_ID TOKEN_ASSIGN value • TOKEN_PUNTO_Y_COMA

    TOKEN_PUNTO_Y_COMA  shift, and go to state 61


State 60

   14 var: type TOKEN_ID TOKEN_ASSIGN value TOKEN_PUNTO_Y_COMA •

    $default  reduce using rule 14 (var)


State 61

   15 cts: TOKEN_CONST type TOKEN_ID TOKEN_ASSIGN value TOKEN_PUNTO_Y_COMA •

    $default  reduce using rule 15 (cts)
